<?xml version="1.0" encoding="UTF-8"?>
<testsuite xmlns:xsi="http://www.w3.org/2001/XMLSchema-instance" xsi:noNamespaceSchemaLocation="https://maven.apache.org/surefire/maven-surefire-plugin/xsd/surefire-test-report-3.0.xsd" version="3.0" name="TestRunner.TestRunner" time="65.104" tests="8" errors="0" skipped="0" failures="0">
  <properties>
    <property name="java.specification.version" value="21"/>
    <property name="sun.cpu.isalist" value="amd64"/>
    <property name="sun.jnu.encoding" value="Cp1252"/>
    <property name="java.class.path" value="C:\Users\aditi\Automation Testing\CURA_Playwright\target\test-classes;C:\Users\aditi\Automation Testing\CURA_Playwright\target\classes;C:\Users\aditi\.m2\repository\com\microsoft\playwright\playwright\1.39.0\playwright-1.39.0.jar;C:\Users\aditi\.m2\repository\com\google\code\gson\gson\2.8.9\gson-2.8.9.jar;C:\Users\aditi\.m2\repository\org\opentest4j\opentest4j\1.2.0\opentest4j-1.2.0.jar;C:\Users\aditi\.m2\repository\com\microsoft\playwright\driver\1.39.0\driver-1.39.0.jar;C:\Users\aditi\.m2\repository\com\microsoft\playwright\driver-bundle\1.39.0\driver-bundle-1.39.0.jar;C:\Users\aditi\.m2\repository\org\junit\jupiter\junit-jupiter-api\5.10.0\junit-jupiter-api-5.10.0.jar;C:\Users\aditi\.m2\repository\org\junit\platform\junit-platform-commons\1.10.0\junit-platform-commons-1.10.0.jar;C:\Users\aditi\.m2\repository\org\apiguardian\apiguardian-api\1.1.2\apiguardian-api-1.1.2.jar;C:\Users\aditi\.m2\repository\io\cucumber\cucumber-java\7.11.1\cucumber-java-7.11.1.jar;C:\Users\aditi\.m2\repository\io\cucumber\cucumber-core\7.11.1\cucumber-core-7.11.1.jar;C:\Users\aditi\.m2\repository\io\cucumber\cucumber-gherkin\7.11.1\cucumber-gherkin-7.11.1.jar;C:\Users\aditi\.m2\repository\io\cucumber\cucumber-gherkin-messages\7.11.1\cucumber-gherkin-messages-7.11.1.jar;C:\Users\aditi\.m2\repository\io\cucumber\gherkin\26.0.3\gherkin-26.0.3.jar;C:\Users\aditi\.m2\repository\io\cucumber\messages\21.0.1\messages-21.0.1.jar;C:\Users\aditi\.m2\repository\io\cucumber\tag-expressions\5.0.1\tag-expressions-5.0.1.jar;C:\Users\aditi\.m2\repository\io\cucumber\cucumber-expressions\16.1.2\cucumber-expressions-16.1.2.jar;C:\Users\aditi\.m2\repository\io\cucumber\datatable\7.11.1\datatable-7.11.1.jar;C:\Users\aditi\.m2\repository\io\cucumber\cucumber-plugin\7.11.1\cucumber-plugin-7.11.1.jar;C:\Users\aditi\.m2\repository\io\cucumber\docstring\7.11.1\docstring-7.11.1.jar;C:\Users\aditi\.m2\repository\io\cucumber\html-formatter\20.2.1\html-formatter-20.2.1.jar;C:\Users\aditi\.m2\repository\io\cucumber\junit-xml-formatter\0.1.0\junit-xml-formatter-0.1.0.jar;C:\Users\aditi\.m2\repository\io\cucumber\ci-environment\9.1.0\ci-environment-9.1.0.jar;C:\Users\aditi\.m2\repository\io\cucumber\cucumber-junit\7.11.1\cucumber-junit-7.11.1.jar;C:\Users\aditi\.m2\repository\junit\junit\4.13.2\junit-4.13.2.jar;C:\Users\aditi\.m2\repository\org\hamcrest\hamcrest-core\1.3\hamcrest-core-1.3.jar;"/>
    <property name="java.vm.vendor" value="Oracle Corporation"/>
    <property name="sun.arch.data.model" value="64"/>
    <property name="user.variant" value=""/>
    <property name="java.vendor.url" value="https://java.oracle.com/"/>
    <property name="user.timezone" value="Asia/Jakarta"/>
    <property name="os.name" value="Windows 11"/>
    <property name="java.vm.specification.version" value="21"/>
    <property name="sun.java.launcher" value="SUN_STANDARD"/>
    <property name="user.country" value="ID"/>
    <property name="sun.boot.library.path" value="C:\Program Files\Java\jdk-21\bin"/>
    <property name="sun.java.command" value="C:\Users\aditi\AppData\Local\Temp\surefire14341718137308679099\surefirebooter-20250831101128843_3.jar C:\Users\aditi\AppData\Local\Temp\surefire14341718137308679099 2025-08-31T10-11-26_741-jvmRun1 surefire-20250831101128843_1tmp surefire_0-20250831101128843_2tmp"/>
    <property name="jdk.debug" value="release"/>
    <property name="surefire.test.class.path" value="C:\Users\aditi\Automation Testing\CURA_Playwright\target\test-classes;C:\Users\aditi\Automation Testing\CURA_Playwright\target\classes;C:\Users\aditi\.m2\repository\com\microsoft\playwright\playwright\1.39.0\playwright-1.39.0.jar;C:\Users\aditi\.m2\repository\com\google\code\gson\gson\2.8.9\gson-2.8.9.jar;C:\Users\aditi\.m2\repository\org\opentest4j\opentest4j\1.2.0\opentest4j-1.2.0.jar;C:\Users\aditi\.m2\repository\com\microsoft\playwright\driver\1.39.0\driver-1.39.0.jar;C:\Users\aditi\.m2\repository\com\microsoft\playwright\driver-bundle\1.39.0\driver-bundle-1.39.0.jar;C:\Users\aditi\.m2\repository\org\junit\jupiter\junit-jupiter-api\5.10.0\junit-jupiter-api-5.10.0.jar;C:\Users\aditi\.m2\repository\org\junit\platform\junit-platform-commons\1.10.0\junit-platform-commons-1.10.0.jar;C:\Users\aditi\.m2\repository\org\apiguardian\apiguardian-api\1.1.2\apiguardian-api-1.1.2.jar;C:\Users\aditi\.m2\repository\io\cucumber\cucumber-java\7.11.1\cucumber-java-7.11.1.jar;C:\Users\aditi\.m2\repository\io\cucumber\cucumber-core\7.11.1\cucumber-core-7.11.1.jar;C:\Users\aditi\.m2\repository\io\cucumber\cucumber-gherkin\7.11.1\cucumber-gherkin-7.11.1.jar;C:\Users\aditi\.m2\repository\io\cucumber\cucumber-gherkin-messages\7.11.1\cucumber-gherkin-messages-7.11.1.jar;C:\Users\aditi\.m2\repository\io\cucumber\gherkin\26.0.3\gherkin-26.0.3.jar;C:\Users\aditi\.m2\repository\io\cucumber\messages\21.0.1\messages-21.0.1.jar;C:\Users\aditi\.m2\repository\io\cucumber\tag-expressions\5.0.1\tag-expressions-5.0.1.jar;C:\Users\aditi\.m2\repository\io\cucumber\cucumber-expressions\16.1.2\cucumber-expressions-16.1.2.jar;C:\Users\aditi\.m2\repository\io\cucumber\datatable\7.11.1\datatable-7.11.1.jar;C:\Users\aditi\.m2\repository\io\cucumber\cucumber-plugin\7.11.1\cucumber-plugin-7.11.1.jar;C:\Users\aditi\.m2\repository\io\cucumber\docstring\7.11.1\docstring-7.11.1.jar;C:\Users\aditi\.m2\repository\io\cucumber\html-formatter\20.2.1\html-formatter-20.2.1.jar;C:\Users\aditi\.m2\repository\io\cucumber\junit-xml-formatter\0.1.0\junit-xml-formatter-0.1.0.jar;C:\Users\aditi\.m2\repository\io\cucumber\ci-environment\9.1.0\ci-environment-9.1.0.jar;C:\Users\aditi\.m2\repository\io\cucumber\cucumber-junit\7.11.1\cucumber-junit-7.11.1.jar;C:\Users\aditi\.m2\repository\junit\junit\4.13.2\junit-4.13.2.jar;C:\Users\aditi\.m2\repository\org\hamcrest\hamcrest-core\1.3\hamcrest-core-1.3.jar;"/>
    <property name="sun.cpu.endian" value="little"/>
    <property name="user.home" value="C:\Users\aditi"/>
    <property name="user.language" value="en"/>
    <property name="java.specification.vendor" value="Oracle Corporation"/>
    <property name="java.version.date" value="2024-07-16"/>
    <property name="java.home" value="C:\Program Files\Java\jdk-21"/>
    <property name="file.separator" value="\"/>
    <property name="basedir" value="C:\Users\aditi\Automation Testing\CURA_Playwright"/>
    <property name="java.vm.compressedOopsMode" value="Zero based"/>
    <property name="line.separator" value="&#10;"/>
    <property name="java.vm.specification.vendor" value="Oracle Corporation"/>
    <property name="java.specification.name" value="Java Platform API Specification"/>
    <property name="surefire.real.class.path" value="C:\Users\aditi\AppData\Local\Temp\surefire14341718137308679099\surefirebooter-20250831101128843_3.jar"/>
    <property name="user.script" value=""/>
    <property name="sun.management.compiler" value="HotSpot 64-Bit Tiered Compilers"/>
    <property name="java.runtime.version" value="21.0.4+8-LTS-274"/>
    <property name="user.name" value="aditia"/>
    <property name="stdout.encoding" value="Cp1252"/>
    <property name="path.separator" value=";"/>
    <property name="os.version" value="10.0"/>
    <property name="java.runtime.name" value="Java(TM) SE Runtime Environment"/>
    <property name="file.encoding" value="UTF-8"/>
    <property name="java.vm.name" value="Java HotSpot(TM) 64-Bit Server VM"/>
    <property name="localRepository" value="C:\Users\aditi\.m2\repository"/>
    <property name="java.vendor.url.bug" value="https://bugreport.java.com/bugreport/"/>
    <property name="java.io.tmpdir" value="C:\Users\aditi\AppData\Local\Temp\"/>
    <property name="java.version" value="21.0.4"/>
    <property name="user.dir" value="C:\Users\aditi\Automation Testing\CURA_Playwright"/>
    <property name="os.arch" value="amd64"/>
    <property name="java.vm.specification.name" value="Java Virtual Machine Specification"/>
    <property name="sun.os.patch.level" value=""/>
    <property name="native.encoding" value="Cp1252"/>
    <property name="java.library.path" value="C:\Program Files\Java\jdk-21\bin;C:\WINDOWS\Sun\Java\bin;C:\WINDOWS\system32;C:\WINDOWS;C:\Program Files\Common Files\Oracle\Java\javapath;C:\WINDOWS\system32;C:\WINDOWS;C:\WINDOWS\System32\Wbem;C:\WINDOWS\System32\WindowsPowerShell\v1.0\;C:\WINDOWS\System32\OpenSSH\;C:\Program Files\nodejs\;C:\Program Files\Git\cmd;C:\Users\aditi\AppData\Local\Android\Sdk\bin;C:\Users\aditi\AppData\Local\Android\Sdk\build-tools;C:\Users\aditi\AppData\Local\Android\Sdk\platform-tools;C:\Program Files\apache-maven-3.9.9\bin;C:\Program Files (x86)\Windows Kits\10\Windows Performance Toolkit\;C:\Program Files\Docker\Docker\resources\bin;C:\Users\aditi\AppData\Local\Programs\Python\Python313\Scripts\;C:\Users\aditi\AppData\Local\Programs\Python\Python313\;C:\Users\aditi\AppData\Local\Programs\Python\Launcher\;C:\Users\aditi\AppData\Local\Microsoft\WindowsApps;C:\Users\aditi\AppData\Roaming\npm;C:\Program Files\JetBrains\IntelliJ IDEA Community Edition 2024.2.1\bin;;;C:\Users\aditi\AppData\Local\Programs\Ollama;C:\Users\aditi\.fly\bin;."/>
    <property name="java.vm.info" value="mixed mode, sharing"/>
    <property name="stderr.encoding" value="Cp1252"/>
    <property name="java.vendor" value="Oracle Corporation"/>
    <property name="java.vm.version" value="21.0.4+8-LTS-274"/>
    <property name="sun.io.unicode.encoding" value="UnicodeLittle"/>
    <property name="java.class.version" value="65.0"/>
  </properties>
  <testcase name="User want to Click Make Appointment #1" classname="Check Appointment CURA" time="9.191">
    <system-out><![CDATA[
Scenario: User want to Click Make Appointment                                          &amp#27;[90m# src/test/resources/Features/appointment.feature:3&amp#27;[0m
🚀 Browser: chromium
🖥️ OS: Windows 11 10.0 (amd64)
  &amp#27;[32mGiven &amp#27;[0m&amp#27;[32mUser Open website CURA Healthcare with browser&amp#27;[0m                                 &amp#27;[90m# StepDef.loginCURA.userOpenWebsiteCURAHealthcareWithBrowser()&amp#27;[0m

    Embedding Login Page [image/png 409778 bytes]

  &amp#27;[32mWhen &amp#27;[0m&amp#27;[32mUser input username &amp#27;[0m&amp#27;[32m&amp#27;[1m"John Doe"&amp#27;[0m&amp#27;[32m, password &amp#27;[0m&amp#27;[32m&amp#27;[1m"ThisIsNotAPassword"&amp#27;[0m&amp#27;[32m and Click Sign In&amp#27;[0m &amp#27;[90m# StepDef.loginCURA.userInputUsernamePasswordAndClickSignIn(java.lang.String,java.lang.String)&amp#27;[0m
Make Appointment
  &amp#27;[32mThen &amp#27;[0m&amp#27;[32mUser verify Homepage&amp#27;[0m                                                            &amp#27;[90m# StepDef.loginCURA.userVerifyHomepage()&amp#27;[0m
  &amp#27;[32mAnd &amp#27;[0m&amp#27;[32mUser Click Appointment&amp#27;[0m                                                           &amp#27;[90m# StepDef.loginCURA.userClickAppointment()&amp#27;[0m

    Embedding Passed Screenshot [image/png 1247211 bytes]

Screenshot diambil untuk skenario sukses: User want to Click Make Appointment
]]></system-out>
  </testcase>
  <testcase name="User want to Click Make Appointment #2" classname="Check Appointment CURA" time="6.761">
    <system-out><![CDATA[
Scenario: User want to Click Make Appointment                                          &amp#27;[90m# src/test/resources/Features/appointment.feature:9&amp#27;[0m
🚀 Browser: chromium
🖥️ OS: Windows 11 10.0 (amd64)
  &amp#27;[32mGiven &amp#27;[0m&amp#27;[32mUser Open website CURA Healthcare with browser&amp#27;[0m                                 &amp#27;[90m# StepDef.loginCURA.userOpenWebsiteCURAHealthcareWithBrowser()&amp#27;[0m

    Embedding Login Page [image/png 409769 bytes]

  &amp#27;[32mWhen &amp#27;[0m&amp#27;[32mUser input username &amp#27;[0m&amp#27;[32m&amp#27;[1m"John Doe"&amp#27;[0m&amp#27;[32m, password &amp#27;[0m&amp#27;[32m&amp#27;[1m"ThisIsNotAPassword"&amp#27;[0m&amp#27;[32m and Click Sign In&amp#27;[0m &amp#27;[90m# StepDef.loginCURA.userInputUsernamePasswordAndClickSignIn(java.lang.String,java.lang.String)&amp#27;[0m
Make Appointment
  &amp#27;[32mThen &amp#27;[0m&amp#27;[32mUser verify Homepage&amp#27;[0m                                                            &amp#27;[90m# StepDef.loginCURA.userVerifyHomepage()&amp#27;[0m
  &amp#27;[32mAnd &amp#27;[0m&amp#27;[32mUser Go To Make Appointment&amp#27;[0m                                                      &amp#27;[90m# StepDef.loginCURA.userGoToMakeAppointment()&amp#27;[0m

    Embedding Passed Screenshot [image/png 1247763 bytes]

Screenshot diambil untuk skenario sukses: User want to Click Make Appointment
]]></system-out>
  </testcase>
  <testcase name="User want to Appointment Success All Field #1" classname="Check Appointment CURA" time="8.825">
    <system-out><![CDATA[
Scenario Outline: User want to Appointment Success All Field                              &amp#27;[90m# src/test/resources/Features/appointment.feature:22&amp#27;[0m
🚀 Browser: chromium
🖥️ OS: Windows 11 10.0 (amd64)
  &amp#27;[32mGiven &amp#27;[0m&amp#27;[32mUser Open website CURA Healthcare with browser&amp#27;[0m                                    &amp#27;[90m# StepDef.loginCURA.userOpenWebsiteCURAHealthcareWithBrowser()&amp#27;[0m

    Embedding Login Page [image/png 409769 bytes]

  &amp#27;[32mWhen &amp#27;[0m&amp#27;[32mUser input username &amp#27;[0m&amp#27;[32m&amp#27;[1m"John Doe"&amp#27;[0m&amp#27;[32m, password &amp#27;[0m&amp#27;[32m&amp#27;[1m"ThisIsNotAPassword"&amp#27;[0m&amp#27;[32m and Click Sign In&amp#27;[0m    &amp#27;[90m# StepDef.loginCURA.userInputUsernamePasswordAndClickSignIn(java.lang.String,java.lang.String)&amp#27;[0m
Make Appointment

    Embedding Fill The Data [image/png 337838 bytes]


    Embedding Fill The Data [image/png 339544 bytes]

  &amp#27;[32mAnd &amp#27;[0m&amp#27;[32mUser fill the Data &amp#27;[0m&amp#27;[32m&amp#27;[1m"Tokyo"&amp#27;[0m&amp#27;[32m, &amp#27;[0m&amp#27;[32m&amp#27;[1m"Medicare"&amp#27;[0m&amp#27;[32m, &amp#27;[0m&amp#27;[32m&amp#27;[1m"20/12/2025"&amp#27;[0m&amp#27;[32m, &amp#27;[0m&amp#27;[32m&amp#27;[1m"Thank You"&amp#27;[0m&amp#27;[32m about Appointment&amp#27;[0m &amp#27;[90m# StepDef.loginCURA.userFillTheDataAboutAppointment(java.lang.String,java.lang.String,java.lang.String,java.lang.String)&amp#27;[0m
Appointment Confirmation

Please be informed that your appointment has been booked as following:

Facility

Tokyo CURA Healthcare Center

Apply for hospital readmission

Yes

Healthcare Program

Medicare

Visit Date

20/12/2025

Comment

Thank You

Go to Homepage

    Embedding Appointment Confirmation [image/png 449737 bytes]

  &amp#27;[32mThen &amp#27;[0m&amp#27;[32mUser verify Appointment&amp#27;[0m                                                            &amp#27;[90m# StepDef.loginCURA.userVerifyAppointment()&amp#27;[0m

    Embedding Passed Screenshot [image/png 1249297 bytes]

Screenshot diambil untuk skenario sukses: User want to Appointment Success All Field
]]></system-out>
  </testcase>
  <testcase name="User want to Appointment Success All Field #2" classname="Check Appointment CURA" time="8.493">
    <system-out><![CDATA[
Scenario Outline: User want to Appointment Success All Field                             &amp#27;[90m# src/test/resources/Features/appointment.feature:23&amp#27;[0m
🚀 Browser: chromium
🖥️ OS: Windows 11 10.0 (amd64)
  &amp#27;[32mGiven &amp#27;[0m&amp#27;[32mUser Open website CURA Healthcare with browser&amp#27;[0m                                   &amp#27;[90m# StepDef.loginCURA.userOpenWebsiteCURAHealthcareWithBrowser()&amp#27;[0m

    Embedding Login Page [image/png 409762 bytes]

  &amp#27;[32mWhen &amp#27;[0m&amp#27;[32mUser input username &amp#27;[0m&amp#27;[32m&amp#27;[1m"John Doe"&amp#27;[0m&amp#27;[32m, password &amp#27;[0m&amp#27;[32m&amp#27;[1m"ThisIsNotAPassword"&amp#27;[0m&amp#27;[32m and Click Sign In&amp#27;[0m   &amp#27;[90m# StepDef.loginCURA.userInputUsernamePasswordAndClickSignIn(java.lang.String,java.lang.String)&amp#27;[0m
Make Appointment

    Embedding Fill The Data [image/png 337971 bytes]


    Embedding Fill The Data [image/png 339619 bytes]

  &amp#27;[32mAnd &amp#27;[0m&amp#27;[32mUser fill the Data &amp#27;[0m&amp#27;[32m&amp#27;[1m"Hongkong"&amp#27;[0m&amp#27;[32m, &amp#27;[0m&amp#27;[32m&amp#27;[1m"Medicaid"&amp#27;[0m&amp#27;[32m, &amp#27;[0m&amp#27;[32m&amp#27;[1m"20/03/2025"&amp#27;[0m&amp#27;[32m, &amp#27;[0m&amp#27;[32m&amp#27;[1m"Danke"&amp#27;[0m&amp#27;[32m about Appointment&amp#27;[0m &amp#27;[90m# StepDef.loginCURA.userFillTheDataAboutAppointment(java.lang.String,java.lang.String,java.lang.String,java.lang.String)&amp#27;[0m
Appointment Confirmation

Please be informed that your appointment has been booked as following:

Facility

Hongkong CURA Healthcare Center

Apply for hospital readmission

Yes

Healthcare Program

Medicaid

Visit Date

20/03/2025

Comment

Danke

Go to Homepage

    Embedding Appointment Confirmation [image/png 449783 bytes]

  &amp#27;[32mThen &amp#27;[0m&amp#27;[32mUser verify Appointment&amp#27;[0m                                                           &amp#27;[90m# StepDef.loginCURA.userVerifyAppointment()&amp#27;[0m

    Embedding Passed Screenshot [image/png 1249301 bytes]

Screenshot diambil untuk skenario sukses: User want to Appointment Success All Field
]]></system-out>
  </testcase>
  <testcase name="User want to Appointment Success All Field #3" classname="Check Appointment CURA" time="8.788">
    <system-out><![CDATA[
Scenario Outline: User want to Appointment Success All Field                            &amp#27;[90m# src/test/resources/Features/appointment.feature:24&amp#27;[0m
🚀 Browser: chromium
🖥️ OS: Windows 11 10.0 (amd64)
  &amp#27;[32mGiven &amp#27;[0m&amp#27;[32mUser Open website CURA Healthcare with browser&amp#27;[0m                                  &amp#27;[90m# StepDef.loginCURA.userOpenWebsiteCURAHealthcareWithBrowser()&amp#27;[0m

    Embedding Login Page [image/png 409775 bytes]

  &amp#27;[32mWhen &amp#27;[0m&amp#27;[32mUser input username &amp#27;[0m&amp#27;[32m&amp#27;[1m"John Doe"&amp#27;[0m&amp#27;[32m, password &amp#27;[0m&amp#27;[32m&amp#27;[1m"ThisIsNotAPassword"&amp#27;[0m&amp#27;[32m and Click Sign In&amp#27;[0m  &amp#27;[90m# StepDef.loginCURA.userInputUsernamePasswordAndClickSignIn(java.lang.String,java.lang.String)&amp#27;[0m
Make Appointment

    Embedding Fill The Data [image/png 337856 bytes]


    Embedding Fill The Data [image/png 339663 bytes]

  &amp#27;[32mAnd &amp#27;[0m&amp#27;[32mUser fill the Data &amp#27;[0m&amp#27;[32m&amp#27;[1m"Seoul"&amp#27;[0m&amp#27;[32m, &amp#27;[0m&amp#27;[32m&amp#27;[1m"None"&amp#27;[0m&amp#27;[32m, &amp#27;[0m&amp#27;[32m&amp#27;[1m"23/03/2025"&amp#27;[0m&amp#27;[32m, &amp#27;[0m&amp#27;[32m&amp#27;[1m"Terimakasih"&amp#27;[0m&amp#27;[32m about Appointment&amp#27;[0m &amp#27;[90m# StepDef.loginCURA.userFillTheDataAboutAppointment(java.lang.String,java.lang.String,java.lang.String,java.lang.String)&amp#27;[0m
Appointment Confirmation

Please be informed that your appointment has been booked as following:

Facility

Seoul CURA Healthcare Center

Apply for hospital readmission

Yes

Healthcare Program

None

Visit Date

23/03/2025

Comment

Terimakasih

Go to Homepage

    Embedding Appointment Confirmation [image/png 449715 bytes]

  &amp#27;[32mThen &amp#27;[0m&amp#27;[32mUser verify Appointment&amp#27;[0m                                                          &amp#27;[90m# StepDef.loginCURA.userVerifyAppointment()&amp#27;[0m

    Embedding Passed Screenshot [image/png 1249367 bytes]

Screenshot diambil untuk skenario sukses: User want to Appointment Success All Field
]]></system-out>
  </testcase>
  <testcase name="User want to Appointment Success All Field #4" classname="Check Appointment CURA" time="8.771">
    <system-out><![CDATA[
Scenario Outline: User want to Appointment Success All Field                                  &amp#27;[90m# src/test/resources/Features/appointment.feature:25&amp#27;[0m
🚀 Browser: chromium
🖥️ OS: Windows 11 10.0 (amd64)
  &amp#27;[32mGiven &amp#27;[0m&amp#27;[32mUser Open website CURA Healthcare with browser&amp#27;[0m                                        &amp#27;[90m# StepDef.loginCURA.userOpenWebsiteCURAHealthcareWithBrowser()&amp#27;[0m

    Embedding Login Page [image/png 409776 bytes]

  &amp#27;[32mWhen &amp#27;[0m&amp#27;[32mUser input username &amp#27;[0m&amp#27;[32m&amp#27;[1m"John Doe"&amp#27;[0m&amp#27;[32m, password &amp#27;[0m&amp#27;[32m&amp#27;[1m"ThisIsNotAPassword"&amp#27;[0m&amp#27;[32m and Click Sign In&amp#27;[0m        &amp#27;[90m# StepDef.loginCURA.userInputUsernamePasswordAndClickSignIn(java.lang.String,java.lang.String)&amp#27;[0m
Make Appointment

    Embedding Fill The Data [image/png 337897 bytes]


    Embedding Fill The Data [image/png 339669 bytes]

  &amp#27;[32mAnd &amp#27;[0m&amp#27;[32mUser fill the Data &amp#27;[0m&amp#27;[32m&amp#27;[1m"Hongkong"&amp#27;[0m&amp#27;[32m, &amp#27;[0m&amp#27;[32m&amp#27;[1m"Medicare"&amp#27;[0m&amp#27;[32m, &amp#27;[0m&amp#27;[32m&amp#27;[1m"29/03/2025"&amp#27;[0m&amp#27;[32m, &amp#27;[0m&amp#27;[32m&amp#27;[1m"Matursuwun"&amp#27;[0m&amp#27;[32m about Appointment&amp#27;[0m &amp#27;[90m# StepDef.loginCURA.userFillTheDataAboutAppointment(java.lang.String,java.lang.String,java.lang.String,java.lang.String)&amp#27;[0m
Appointment Confirmation

Please be informed that your appointment has been booked as following:

Facility

Hongkong CURA Healthcare Center

Apply for hospital readmission

Yes

Healthcare Program

Medicare

Visit Date

29/03/2025

Comment

Matursuwun

Go to Homepage

    Embedding Appointment Confirmation [image/png 449864 bytes]

  &amp#27;[32mThen &amp#27;[0m&amp#27;[32mUser verify Appointment&amp#27;[0m                                                                &amp#27;[90m# StepDef.loginCURA.userVerifyAppointment()&amp#27;[0m

    Embedding Passed Screenshot [image/png 1249829 bytes]

Screenshot diambil untuk skenario sukses: User want to Appointment Success All Field
]]></system-out>
  </testcase>
  <testcase name="User want to Appointment Success Required Field" classname="Check Appointment CURA" time="7.775">
    <system-out><![CDATA[
Scenario: User want to Appointment Success Required Field                              &amp#27;[90m# src/test/resources/Features/appointment.feature:27&amp#27;[0m
🚀 Browser: chromium
🖥️ OS: Windows 11 10.0 (amd64)
  &amp#27;[32mGiven &amp#27;[0m&amp#27;[32mUser Open website CURA Healthcare with browser&amp#27;[0m                                 &amp#27;[90m# StepDef.loginCURA.userOpenWebsiteCURAHealthcareWithBrowser()&amp#27;[0m

    Embedding Login Page [image/png 409769 bytes]

  &amp#27;[32mWhen &amp#27;[0m&amp#27;[32mUser input username &amp#27;[0m&amp#27;[32m&amp#27;[1m"John Doe"&amp#27;[0m&amp#27;[32m, password &amp#27;[0m&amp#27;[32m&amp#27;[1m"ThisIsNotAPassword"&amp#27;[0m&amp#27;[32m and Click Sign In&amp#27;[0m &amp#27;[90m# StepDef.loginCURA.userInputUsernamePasswordAndClickSignIn(java.lang.String,java.lang.String)&amp#27;[0m
Make Appointment

    Embedding Fill The Data [image/png 339749 bytes]

  &amp#27;[32mAnd &amp#27;[0m&amp#27;[32mUser fill the Date &amp#27;[0m&amp#27;[32m&amp#27;[1m"02/02/2024"&amp#27;[0m&amp#27;[32m about Appointment&amp#27;[0m                                &amp#27;[90m# StepDef.loginCURA.userFillTheDateAboutAppointment(java.lang.String)&amp#27;[0m
Appointment Confirmation

Please be informed that your appointment has been booked as following:

Facility

Tokyo CURA Healthcare Center

Apply for hospital readmission

No

Healthcare Program

Medicare

Visit Date

02/02/2024

Comment

Go to Homepage

    Embedding Appointment Confirmation [image/png 452927 bytes]

  &amp#27;[32mThen &amp#27;[0m&amp#27;[32mUser verify Appointment&amp#27;[0m                                                         &amp#27;[90m# StepDef.loginCURA.userVerifyAppointment()&amp#27;[0m

    Embedding Passed Screenshot [image/png 1248134 bytes]

Screenshot diambil untuk skenario sukses: User want to Appointment Success Required Field
]]></system-out>
  </testcase>
  <testcase name="User want to Login CURA" classname="Login CURA Healthcare" time="6.27">
    <system-out><![CDATA[
Scenario: User want to Login CURA                                                      &amp#27;[90m# src/test/resources/Features/loginCURA.feature:3&amp#27;[0m
🚀 Browser: chromium
🖥️ OS: Windows 11 10.0 (amd64)
  &amp#27;[32mGiven &amp#27;[0m&amp#27;[32mUser Open website CURA Healthcare with browser&amp#27;[0m                                 &amp#27;[90m# StepDef.loginCURA.userOpenWebsiteCURAHealthcareWithBrowser()&amp#27;[0m

    Embedding Login Page [image/png 409769 bytes]

  &amp#27;[32mWhen &amp#27;[0m&amp#27;[32mUser input username &amp#27;[0m&amp#27;[32m&amp#27;[1m"John Doe"&amp#27;[0m&amp#27;[32m, password &amp#27;[0m&amp#27;[32m&amp#27;[1m"ThisIsNotAPassword"&amp#27;[0m&amp#27;[32m and Click Sign In&amp#27;[0m &amp#27;[90m# StepDef.loginCURA.userInputUsernamePasswordAndClickSignIn(java.lang.String,java.lang.String)&amp#27;[0m
Make Appointment
  &amp#27;[32mThen &amp#27;[0m&amp#27;[32mUser verify Homepage&amp#27;[0m                                                            &amp#27;[90m# StepDef.loginCURA.userVerifyHomepage()&amp#27;[0m

    Embedding Passed Screenshot [image/png 1247788 bytes]

Screenshot diambil untuk skenario sukses: User want to Login CURA
]]></system-out>
  </testcase>
</testsuite>